2025-09-01 10:29:35 INFO  TC_001_SearchCourse:15 - Strating TC_001_Search For Course
2025-09-01 10:29:35 INFO  TC_001_SearchCourse:18 - Search for Web Development
2025-09-01 10:29:40 INFO  TC_001_SearchCourse:22 - Filtering ---> lanuage: English and Level:Beginning
2025-09-01 10:30:39 INFO  TC_001_SearchCourse:15 - Strating TC_001_Search For Course
2025-09-01 10:30:39 INFO  TC_001_SearchCourse:18 - Search for Web Development
2025-09-01 10:30:45 INFO  TC_001_SearchCourse:22 - Filtering ---> lanuage: English and Level:Beginning
2025-09-01 11:40:45 INFO  TC_001_SearchCourse:15 - Strating TC_001_Search For Course
2025-09-01 11:40:45 INFO  TC_001_SearchCourse:18 - Search for Web Development
2025-09-01 11:40:49 INFO  TC_001_SearchCourse:22 - Filtering ---> lanuage: English and Level:Beginning
2025-09-01 11:45:25 INFO  TC_001_SearchCourse:15 - Strating TC_001_Search For Course
2025-09-01 11:45:25 INFO  TC_001_SearchCourse:18 - Search for Web Development
2025-09-01 11:45:30 INFO  TC_001_SearchCourse:22 - Filtering ---> lanuage: English and Level:Beginning
2025-09-01 11:46:33 INFO  TC_001_SearchCourse:15 - Strating TC_001_Search For Course
2025-09-01 11:46:33 INFO  TC_001_SearchCourse:18 - Search for Web Development
2025-09-01 11:46:37 INFO  TC_001_SearchCourse:22 - Filtering ---> lanuage: English and Level:Beginning
2025-09-01 11:48:06 INFO  TC_001_SearchCourse:15 - Strating TC_001_Search For Course
2025-09-01 11:48:06 INFO  TC_001_SearchCourse:18 - Search for Web Development
2025-09-01 11:48:10 INFO  TC_001_SearchCourse:22 - Filtering ---> lanuage: English and Level:Beginning
2025-09-01 11:49:45 INFO  TC_001_SearchCourse:15 - Strating TC_001_Search For Course
2025-09-01 11:49:45 INFO  TC_001_SearchCourse:18 - Search for Web Development
2025-09-01 11:49:49 INFO  TC_001_SearchCourse:22 - Filtering ---> lanuage: English and Level:Beginning
2025-09-01 11:59:59 INFO  TC_001_SearchCourse:15 - Strating TC_001_Search For Course
2025-09-01 11:59:59 INFO  TC_001_SearchCourse:18 - Search for Web Development
2025-09-01 12:00:04 INFO  TC_001_SearchCourse:22 - Filtering ---> lanuage: English and Level:Beginning
2025-09-01 12:00:17 INFO  TC_002_SearchLanguages:13 - Strating TC_002_SearchLanguages for language learning
2025-09-01 12:00:24 INFO  TC_002_SearchLanguages:18 - Fliter languages
2025-09-01 12:00:24 INFO  TC_002_SearchLanguages:21 - languages with level count
2025-09-01 12:00:42 INFO  TC_002_SearchLanguages:24 - TestCase:2 executed successfully
2025-09-01 12:00:52 INFO  TC_003_EnterpriseFormValidation:15 - Opening Enterprise Page
2025-09-01 12:01:03 INFO  TC_003_EnterpriseFormValidation:22 - Starting TC_003_EnterpriseFormValidation
2025-09-01 12:01:10 INFO  TC_003_EnterpriseFormValidation:39 - TestCase:3 executed successfully
2025-09-01 14:25:50 INFO  TC_001_SearchCourse:15 - Strating TC_001_Search For Course
2025-09-01 14:25:50 INFO  TC_001_SearchCourse:18 - Search for Web Development
2025-09-01 14:25:54 INFO  TC_001_SearchCourse:22 - Filtering ---> lanuage: English and Level:Beginning
2025-09-01 14:26:38 INFO  TC_001_SearchCourse:15 - Strating TC_001_Search For Course
2025-09-01 14:26:38 INFO  TC_001_SearchCourse:18 - Search for Web Development
2025-09-01 14:26:44 INFO  TC_001_SearchCourse:22 - Filtering ---> lanuage: English and Level:Beginning
2025-09-01 14:26:56 INFO  TC_002_SearchLanguages:13 - Strating TC_002_SearchLanguages for language learning
2025-09-01 14:27:01 INFO  TC_002_SearchLanguages:18 - Fliter languages
2025-09-01 14:27:01 INFO  TC_002_SearchLanguages:21 - languages with level count
2025-09-01 14:27:19 INFO  TC_002_SearchLanguages:24 - TestCase:2 executed successfully
2025-09-01 14:27:30 INFO  TC_003_EnterpriseFormValidation:15 - Opening Enterprise Page
2025-09-01 14:27:42 INFO  TC_003_EnterpriseFormValidation:22 - Starting TC_003_EnterpriseFormValidation
2025-09-01 14:27:49 INFO  TC_003_EnterpriseFormValidation:39 - TestCase:3 executed successfully
2025-09-01 14:34:58 INFO  TC_001_SearchCourse:15 - Strating TC_001_Search For Course
2025-09-01 14:34:58 INFO  TC_001_SearchCourse:18 - Search for Web Development
2025-09-01 14:35:02 INFO  TC_001_SearchCourse:22 - Filtering ---> lanuage: English and Level:Beginning
2025-09-01 14:35:46 INFO  TC_001_SearchCourse:15 - Strating TC_001_Search For Course
2025-09-01 14:35:46 INFO  TC_001_SearchCourse:18 - Search for Web Development
2025-09-01 14:35:50 INFO  TC_001_SearchCourse:22 - Filtering ---> lanuage: English and Level:Beginning
2025-09-01 14:36:01 INFO  TC_002_SearchLanguages:13 - Strating TC_002_SearchLanguages for language learning
2025-09-01 14:36:06 INFO  TC_002_SearchLanguages:18 - Fliter languages
2025-09-01 14:36:06 INFO  TC_002_SearchLanguages:21 - languages with level count
2025-09-01 14:36:24 INFO  TC_002_SearchLanguages:24 - TestCase:2 executed successfully
2025-09-01 14:36:33 INFO  TC_003_EnterpriseFormValidation:15 - Opening Enterprise Page
2025-09-01 14:36:43 INFO  TC_003_EnterpriseFormValidation:22 - Starting TC_003_EnterpriseFormValidation
2025-09-01 14:36:50 INFO  TC_003_EnterpriseFormValidation:39 - TestCase:3 executed successfully
